<?xml version="1.0" encoding="UTF-8"?>
<!-- Generated by org.testng.reporters.JUnitXMLReporter -->
<testsuite ignored="1" hostname="LAPTOP-F93705P1" failures="0" tests="1" name="Procyon-QAC-G1-13.10.22" time="11.62" errors="0" timestamp="2023-01-25T14:50:49 EET">
  <testcase classname="andreeaG.teorie.seleniumBasics3.EmagTests" name="openLoginTest" time="11.516"/>
  <testcase classname="andreeaG.teorie.seleniumBasics3.EmagTests" name="openMobileBrowser" time="0.0">
    <ignored/>
  </testcase> <!-- openMobileBrowser -->
</testsuite> <!-- Procyon-QAC-G1-13.10.22 -->
