<?xml version="1.0" encoding="UTF-8"?>
<!-- Generated by org.testng.reporters.JUnitXMLReporter -->
<testsuite ignored="0" hostname="LAPTOP-F93705P1" failures="0" tests="3" name="Procyon-QAC-G1-13.10.22" time="11.077" errors="0" timestamp="2023-01-22T15:21:07 EET">
  <testcase classname="andreeaG.tests.tema7.ReturnToHomeButton" name="HomeButtonFromMakeAppointmentPage" time="0.454"/>
  <testcase classname="andreeaG.tests.tema7.ReturnToHomeButton" name="HomeButtonwhenLoggedInHistory" time="0.641"/>
  <testcase classname="andreeaG.tests.tema7.ReturnToHomeButton" name="HomeButtonwhenLoggedInProfile" time="0.543"/>
</testsuite> <!-- Procyon-QAC-G1-13.10.22 -->
