<?xml version="1.0" encoding="UTF-8"?>
<testng-results ignored="4" total="10" passed="6" failed="0" skipped="0">
  <reporter-output>
  </reporter-output>
  <suite started-at="2023-01-15T13:43:11 EET" name="SuitaTestNG" finished-at="2023-01-15T13:43:33 EET" duration-ms="22072">
    <groups>
    </groups>
    <test started-at="2023-01-15T13:43:11 EET" name="AltTest1" finished-at="2023-01-15T13:43:11 EET" duration-ms="44">
      <class name="sorinfoca.altpachet.AltTest">
        <test-method signature="writeMessage()[pri:0, instance:sorinfoca.altpachet.AltTest@619713e5]" started-at="2023-01-15T13:43:11 EET" name="writeMessage" finished-at="2023-01-15T13:43:11 EET" duration-ms="2" status="PASS">
          <reporter-output>
          </reporter-output>
        </test-method> <!-- writeMessage -->
      </class> <!-- sorinfoca.altpachet.AltTest -->
    </test> <!-- AltTest1 -->
    <test started-at="2023-01-15T13:43:11 EET" name="DemoTests" finished-at="2023-01-15T13:43:33 EET" duration-ms="21978">
      <class name="sorinfoca.tests.MyTests">
        <test-method is-config="true" signature="beforeSuite()[pri:0, instance:sorinfoca.tests.MyTests@f6efaab]" started-at="2023-01-15T13:43:11 EET" name="beforeSuite" finished-at="2023-01-15T13:43:11 EET" duration-ms="16" status="PASS">
          <reporter-output>
          </reporter-output>
        </test-method> <!-- beforeSuite -->
        <test-method is-config="true" signature="beforeTest()[pri:0, instance:sorinfoca.tests.MyTests@f6efaab]" started-at="2023-01-15T13:43:11 EET" name="beforeTest" finished-at="2023-01-15T13:43:11 EET" duration-ms="0" status="PASS">
          <reporter-output>
          </reporter-output>
        </test-method> <!-- beforeTest -->
        <test-method is-config="true" signature="beforeClass()[pri:0, instance:sorinfoca.tests.MyTests@f6efaab]" started-at="2023-01-15T13:43:11 EET" name="beforeClass" finished-at="2023-01-15T13:43:11 EET" duration-ms="0" status="PASS">
          <reporter-output>
          </reporter-output>
        </test-method> <!-- beforeClass -->
        <test-method is-config="true" signature="setup()[pri:0, instance:sorinfoca.tests.MyTests@f6efaab]" started-at="2023-01-15T13:43:11 EET" name="setup" finished-at="2023-01-15T13:43:11 EET" duration-ms="0" status="PASS">
          <reporter-output>
          </reporter-output>
        </test-method> <!-- setup -->
        <test-method signature="test1()[pri:0, instance:sorinfoca.tests.MyTests@f6efaab]" started-at="2023-01-15T13:43:11 EET" name="test1" finished-at="2023-01-15T13:43:16 EET" duration-ms="4852" status="PASS">
          <reporter-output>
          </reporter-output>
        </test-method> <!-- test1 -->
        <test-method is-config="true" signature="afterMethod()[pri:0, instance:sorinfoca.tests.MyTests@f6efaab]" started-at="2023-01-15T13:43:16 EET" name="afterMethod" finished-at="2023-01-15T13:43:16 EET" duration-ms="1" status="PASS">
          <reporter-output>
          </reporter-output>
        </test-method> <!-- afterMethod -->
        <test-method signature="testAppointment(java.lang.String,java.lang.String,boolean)[pri:0, instance:sorinfoca.tests.MyTests@f6efaab]" started-at="2023-01-15T13:43:16 EET" name="testAppointment" data-provider="AppointmentDataProvider" finished-at="2023-01-15T13:43:21 EET" duration-ms="5373" status="PASS">
          <params>
            <param index="0">
              <value>
                <![CDATA[10/10/23]]>
              </value>
            </param>
            <param index="1">
              <value>
                <![CDATA[Comentariu pozitiv]]>
              </value>
            </param>
            <param index="2">
              <value>
                <![CDATA[true]]>
              </value>
            </param>
          </params>
          <reporter-output>
          </reporter-output>
        </test-method> <!-- testAppointment -->
        <test-method is-config="true" signature="setup()[pri:0, instance:sorinfoca.tests.MyTests@f6efaab]" started-at="2023-01-15T13:43:16 EET" name="setup" finished-at="2023-01-15T13:43:16 EET" duration-ms="0" status="PASS">
          <reporter-output>
          </reporter-output>
        </test-method> <!-- setup -->
        <test-method is-config="true" signature="afterMethod()[pri:0, instance:sorinfoca.tests.MyTests@f6efaab]" started-at="2023-01-15T13:43:21 EET" name="afterMethod" finished-at="2023-01-15T13:43:21 EET" duration-ms="1" status="PASS">
          <reporter-output>
          </reporter-output>
        </test-method> <!-- afterMethod -->
        <test-method is-config="true" signature="setup()[pri:0, instance:sorinfoca.tests.MyTests@f6efaab]" started-at="2023-01-15T13:43:21 EET" name="setup" finished-at="2023-01-15T13:43:21 EET" duration-ms="1" status="PASS">
          <reporter-output>
          </reporter-output>
        </test-method> <!-- setup -->
        <test-method signature="testAppointment(java.lang.String,java.lang.String,boolean)[pri:0, instance:sorinfoca.tests.MyTests@f6efaab]" started-at="2023-01-15T13:43:21 EET" name="testAppointment" data-provider="AppointmentDataProvider" finished-at="2023-01-15T13:43:25 EET" duration-ms="4134" status="PASS">
          <params>
            <param index="0">
              <value>
                <![CDATA[]]>
              </value>
            </param>
            <param index="1">
              <value>
                <![CDATA[Comentariu negativ]]>
              </value>
            </param>
            <param index="2">
              <value>
                <![CDATA[false]]>
              </value>
            </param>
          </params>
          <reporter-output>
          </reporter-output>
        </test-method> <!-- testAppointment -->
        <test-method is-config="true" signature="afterMethod()[pri:0, instance:sorinfoca.tests.MyTests@f6efaab]" started-at="2023-01-15T13:43:25 EET" name="afterMethod" finished-at="2023-01-15T13:43:25 EET" duration-ms="0" status="PASS">
          <reporter-output>
          </reporter-output>
        </test-method> <!-- afterMethod -->
        <test-method signature="testLogin(java.lang.String,java.lang.String,boolean)[pri:0, instance:sorinfoca.tests.MyTests@f6efaab]" started-at="2023-01-15T13:43:25 EET" name="testLogin" data-provider="LoginDataProvider" finished-at="2023-01-15T13:43:29 EET" duration-ms="4011" status="PASS">
          <params>
            <param index="0">
              <value>
                <![CDATA[John Doe]]>
              </value>
            </param>
            <param index="1">
              <value>
                <![CDATA[ThisIsNotAPassword]]>
              </value>
            </param>
            <param index="2">
              <value>
                <![CDATA[true]]>
              </value>
            </param>
          </params>
          <reporter-output>
          </reporter-output>
        </test-method> <!-- testLogin -->
        <test-method is-config="true" signature="setup()[pri:0, instance:sorinfoca.tests.MyTests@f6efaab]" started-at="2023-01-15T13:43:25 EET" name="setup" finished-at="2023-01-15T13:43:25 EET" duration-ms="0" status="PASS">
          <reporter-output>
          </reporter-output>
        </test-method> <!-- setup -->
        <test-method is-config="true" signature="setup()[pri:0, instance:sorinfoca.tests.MyTests@f6efaab]" started-at="2023-01-15T13:43:29 EET" name="setup" finished-at="2023-01-15T13:43:29 EET" duration-ms="0" status="PASS">
          <reporter-output>
          </reporter-output>
        </test-method> <!-- setup -->
        <test-method is-config="true" signature="afterMethod()[pri:0, instance:sorinfoca.tests.MyTests@f6efaab]" started-at="2023-01-15T13:43:29 EET" name="afterMethod" finished-at="2023-01-15T13:43:29 EET" duration-ms="0" status="PASS">
          <reporter-output>
          </reporter-output>
        </test-method> <!-- afterMethod -->
        <test-method signature="testLogin(java.lang.String,java.lang.String,boolean)[pri:0, instance:sorinfoca.tests.MyTests@f6efaab]" started-at="2023-01-15T13:43:29 EET" name="testLogin" data-provider="LoginDataProvider" finished-at="2023-01-15T13:43:33 EET" duration-ms="3579" status="PASS">
          <params>
            <param index="0">
              <value>
                <![CDATA[invalid_username]]>
              </value>
            </param>
            <param index="1">
              <value>
                <![CDATA[invalid_password]]>
              </value>
            </param>
            <param index="2">
              <value>
                <![CDATA[false]]>
              </value>
            </param>
          </params>
          <reporter-output>
          </reporter-output>
        </test-method> <!-- testLogin -->
        <test-method is-config="true" signature="afterMethod()[pri:0, instance:sorinfoca.tests.MyTests@f6efaab]" started-at="2023-01-15T13:43:33 EET" name="afterMethod" finished-at="2023-01-15T13:43:33 EET" duration-ms="1" status="PASS">
          <reporter-output>
          </reporter-output>
        </test-method> <!-- afterMethod -->
        <test-method is-config="true" signature="afterTest()[pri:0, instance:sorinfoca.tests.MyTests@f6efaab]" started-at="2023-01-15T13:43:33 EET" name="afterTest" finished-at="2023-01-15T13:43:33 EET" duration-ms="1" status="PASS">
          <reporter-output>
          </reporter-output>
        </test-method> <!-- afterTest -->
        <test-method is-config="true" signature="afterSuite()[pri:0, instance:sorinfoca.tests.MyTests@f6efaab]" started-at="2023-01-15T13:43:33 EET" name="afterSuite" finished-at="2023-01-15T13:43:33 EET" duration-ms="0" status="PASS">
          <reporter-output>
          </reporter-output>
        </test-method> <!-- afterSuite -->
      </class> <!-- sorinfoca.tests.MyTests -->
    </test> <!-- DemoTests -->
  </suite> <!-- SuitaTestNG -->
</testng-results>
