<?xml version="1.0" encoding="UTF-8"?>
<!-- Generated by org.testng.reporters.JUnitXMLReporter -->
<testsuite ignored="1" hostname="LAPTOP-F93705P1" failures="0" tests="6" name="CuraHealthTests" time="21.894" errors="0" timestamp="2023-01-22T15:15:20 EET">
  <testcase classname="andreeaG.tests.tema7.CuraHealthCareLogin" name="HomeButtonFromMakeAppointmentPage" time="0.477"/>
  <testcase classname="andreeaG.tests.tema7.CuraHealthCareLogin" name="HomeButtonwhenLoggedInHistory" time="0.643"/>
  <testcase classname="andreeaG.tests.tema7.CuraHealthCareLogin" name="HomeButtonwhenLoggedInProfile" time="0.542"/>
  <testcase classname="andreeaG.tests.tema7.CuraHealthCareLogin" name="loginWithCredentials" time="1.022"/>
  <testcase classname="andreeaG.tests.tema7.CuraHealthCareLogin" name="loginWithCredentials" time="1.075"/>
  <testcase classname="andreeaG.tests.tema7.CuraHealthCareLogin" name="verifyRedirectToLoginWhenUserNotLoggedIn" time="0.329"/>
  <testcase classname="andreeaG.tests.tema7.CuraHealthCareLogin" name="makeAppointmentPage" time="0.0">
    <ignored/>
  </testcase> <!-- makeAppointmentPage -->
</testsuite> <!-- CuraHealthTests -->
