<?xml version="1.0" encoding="UTF-8"?>
<testng-results ignored="1" total="2" passed="1" failed="0" skipped="0">
  <reporter-output>
  </reporter-output>
  <suite started-at="2023-01-25T14:50:37 EET" name="Default Suite" finished-at="2023-01-25T14:50:49 EET" duration-ms="11620">
    <groups>
    </groups>
    <test started-at="2023-01-25T14:50:37 EET" name="Procyon-QAC-G1-13.10.22" finished-at="2023-01-25T14:50:49 EET" duration-ms="11620">
      <class name="andreeaG.teorie.seleniumBasics3.EmagTests">
        <test-method signature="openLoginTest()[pri:0, instance:andreeaG.teorie.seleniumBasics3.EmagTests@501edcf1]" started-at="2023-01-25T14:50:37 EET" name="openLoginTest" finished-at="2023-01-25T14:50:49 EET" duration-ms="11516" status="PASS">
          <reporter-output>
          </reporter-output>
        </test-method> <!-- openLoginTest -->
      </class> <!-- andreeaG.teorie.seleniumBasics3.EmagTests -->
    </test> <!-- Procyon-QAC-G1-13.10.22 -->
  </suite> <!-- Default Suite -->
</testng-results>
