<?xml version="1.0" encoding="UTF-8"?>
<testng-results ignored="0" total="1" passed="1" failed="0" skipped="0">
  <reporter-output>
  </reporter-output>
  <suite started-at="2023-03-13T15:44:53 EET" name="Default Suite" finished-at="2023-03-13T15:44:57 EET" duration-ms="4220">
    <groups>
    </groups>
    <test started-at="2023-03-13T15:44:53 EET" name="Procyon-QAC-G1-13.10.22" finished-at="2023-03-13T15:44:57 EET" duration-ms="4220">
      <class name="AndreeaG.recap.test.BuyItemT">
        <test-method is-config="true" signature="createChromeDriver()[pri:0, instance:AndreeaG.recap.test.BuyItemT@5dd6264]" started-at="2023-03-13T15:44:53 EET" name="createChromeDriver" finished-at="2023-03-13T15:44:56 EET" duration-ms="3208" status="PASS">
          <reporter-output>
          </reporter-output>
        </test-method> <!-- createChromeDriver -->
        <test-method signature="buyItemTest()[pri:0, instance:AndreeaG.recap.test.BuyItemT@5dd6264]" started-at="2023-03-13T15:44:56 EET" name="buyItemTest" finished-at="2023-03-13T15:44:57 EET" duration-ms="734" status="PASS">
          <reporter-output>
          </reporter-output>
        </test-method> <!-- buyItemTest -->
        <test-method is-config="true" signature="quitChromeDriver()[pri:0, instance:AndreeaG.recap.test.BuyItemT@5dd6264]" started-at="2023-03-13T15:44:57 EET" name="quitChromeDriver" finished-at="2023-03-13T15:44:57 EET" duration-ms="216" status="PASS">
          <reporter-output>
          </reporter-output>
        </test-method> <!-- quitChromeDriver -->
      </class> <!-- AndreeaG.recap.test.BuyItemT -->
    </test> <!-- Procyon-QAC-G1-13.10.22 -->
  </suite> <!-- Default Suite -->
</testng-results>
