<?xml version="1.0" encoding="UTF-8"?>
<!-- Generated by org.testng.reporters.JUnitXMLReporter -->
<testsuite ignored="0" hostname="LAPTOP-F93705P1" failures="0" tests="2" name="CuraHealthTests" time="8.0" errors="0" timestamp="2023-01-20T19:24:48 EET">
  <testcase classname="AndreeaG.tests.tema7.CuraHealthCareLogin" name="appointmentButtonGoesToLoginIfUserNotLogged" time="1.817"/>
  <testcase classname="AndreeaG.tests.tema7.CuraHealthCareLogin" name="loginWithValidCredentials" time="2.429"/>
</testsuite> <!-- CuraHealthTests -->
