<?xml version="1.0" encoding="UTF-8"?>
<!-- Generated by org.testng.reporters.JUnitXMLReporter -->
<testsuite ignored="0" hostname="LAPTOP-F93705P1" failures="0" tests="8" name="CuraHealthTests" time="29.034" errors="0" timestamp="2023-01-22T15:16:36 EET">
  <testcase classname="andreeaG.tests.tema7.CuraHealthCareLogin" name="HomeButtonFromMakeAppointmentPage" time="0.457"/>
  <testcase classname="andreeaG.tests.tema7.CuraHealthCareLogin" name="HomeButtonwhenLoggedInHistory" time="0.621"/>
  <testcase classname="andreeaG.tests.tema7.CuraHealthCareLogin" name="HomeButtonwhenLoggedInProfile" time="0.558"/>
  <testcase classname="andreeaG.tests.tema7.CuraHealthCareLogin" name="loginWithCredentials" time="0.923"/>
  <testcase classname="andreeaG.tests.tema7.CuraHealthCareLogin" name="loginWithCredentials" time="0.985"/>
  <testcase classname="andreeaG.tests.tema7.CuraHealthCareLogin" name="makeAppointmentPage" time="1.584"/>
  <testcase classname="andreeaG.tests.tema7.CuraHealthCareLogin" name="makeAppointmentPage" time="1.558"/>
  <testcase classname="andreeaG.tests.tema7.CuraHealthCareLogin" name="verifyRedirectToLoginWhenUserNotLoggedIn" time="0.328"/>
</testsuite> <!-- CuraHealthTests -->
