<?xml version="1.0" encoding="UTF-8"?>
<!-- Generated by org.testng.reporters.JUnitXMLReporter -->
<testsuite ignored="1" hostname="LAPTOP-F93705P1" failures="0" tests="8" name="DemoTests" time="5.252" errors="0" timestamp="2023-01-20T18:37:41 EET">
  <testcase classname="andreeaG.Teorie.DemoQaInputs" name="test1" time="5.224"/>
  <testcase classname="andreeaG.Teorie.DemoQaInputs" name="test2" time="0.007"/>
  <testcase classname="andreeaG.Teorie.DemoQaInputs" name="test2" time="0.001"/>
  <testcase classname="andreeaG.Teorie.DemoQaInputs" name="test2" time="0.0"/>
  <testcase classname="andreeaG.Teorie.DemoQaInputs" name="test2" time="0.0"/>
  <testcase classname="andreeaG.Teorie.DemoQaInputs" name="test2" time="0.0"/>
  <testcase classname="andreeaG.Teorie.DemoQaInputs" name="test2" time="0.0"/>
  <testcase classname="andreeaG.Teorie.TestNGAnnotations" name="test" time="0.001"/>
  <testcase classname="andreeaG.Teorie.TestNGAnnotations" name="test2" time="0.0">
    <ignored/>
  </testcase> <!-- test2 -->
</testsuite> <!-- DemoTests -->
